<?xml version="1.0" encoding="UTF-8"?>
<testng-results skipped="0" failed="0" total="1" passed="1">
  <reporter-output>
  </reporter-output>
  <suite name="Default suite" duration-ms="3473" started-at="2019-06-09T03:59:25Z" finished-at="2019-06-09T03:59:28Z">
    <groups>
    </groups>
    <test name="Default test" duration-ms="3473" started-at="2019-06-09T03:59:25Z" finished-at="2019-06-09T03:59:28Z">
      <class name="com.basic.TestingGoggle">
        <test-method status="PASS" signature="testGoggle()[pri:0, instance:com.basic.TestingGoggle@36d64342]" name="testGoggle" duration-ms="3453" started-at="2019-06-09T09:29:25Z" finished-at="2019-06-09T09:29:28Z">
          <reporter-output>
          </reporter-output>
        </test-method> <!-- testGoggle -->
      </class> <!-- com.basic.TestingGoggle -->
    </test> <!-- Default test -->
  </suite> <!-- Default suite -->
</testng-results>
